{"D:\\Projetos\\backend-south-system-code-challenge\\src\\index.ts": {"path":"D:\\Projetos\\backend-south-system-code-challenge\\src\\index.ts","statementMap":{"0":{"start":{"line":1,"column":0},"end":{"line":1,"column":28}},"1":{"start":{"line":3,"column":0},"end":{"line":3,"column":30}},"2":{"start":{"line":4,"column":0},"end":{"line":4,"column":49}},"3":{"start":{"line":5,"column":0},"end":{"line":5,"column":55}},"4":{"start":{"line":6,"column":0},"end":{"line":6,"column":24}},"5":{"start":{"line":8,"column":0},"end":{"line":8,"column":16}},"6":{"start":{"line":9,"column":12},"end":{"line":9,"column":21}},"7":{"start":{"line":10,"column":0},"end":{"line":10,"column":32}},"8":{"start":{"line":12,"column":0},"end":{"line":12,"column":24}},"9":{"start":{"line":14,"column":0},"end":{"line":14,"column":29}},"10":{"start":{"line":15,"column":0},"end":{"line":15,"column":35}},"11":{"start":{"line":17,"column":13},"end":{"line":24,"column":3}},"12":{"start":{"line":18,"column":2},"end":{"line":23,"column":null}},"13":{"start":{"line":19,"column":20},"end":{"line":19,"column":51}},"14":{"start":{"line":20,"column":4},"end":{"line":20,"column":72}},"15":{"start":{"line":22,"column":4},"end":{"line":22,"column":48}}},"fnMap":{"0":{"name":"(anonymous_1)","decl":{"start":{"line":17,"column":59},"end":{"line":17,"column":62}},"loc":{"start":{"line":17,"column":64},"end":{"line":24,"column":1}}}},"branchMap":{"0":{"loc":{"start":{"line":17,"column":33},"end":{"line":17,"column":49}},"type":"binary-expr","locations":[{"start":{"line":17,"column":33},"end":{"line":17,"column":49}},{"start":{"line":17,"column":53},"end":{"line":17,"column":57}}]},"1":{"loc":{"start":{"line":18,"column":2},"end":{"line":23,"column":null}},"type":"if","locations":[{"start":{"line":18,"column":2},"end":{"line":23,"column":null}},{"start":{"line":18,"column":2},"end":{"line":23,"column":null}}]}},"s":{"0":2,"1":2,"2":2,"3":2,"4":2,"5":2,"6":2,"7":2,"8":2,"9":2,"10":2,"11":2,"12":2,"13":2,"14":2,"15":0},"f":{"0":2},"b":{"0":[2,0],"1":[2,0]}}
,"D:\\Projetos\\backend-south-system-code-challenge\\src\\business\\ProductBusiness.ts": {"path":"D:\\Projetos\\backend-south-system-code-challenge\\src\\business\\ProductBusiness.ts","statementMap":{"0":{"start":{"line":2,"column":0},"end":{"line":2,"column":58}},"1":{"start":{"line":3,"column":0},"end":{"line":3,"column":null}},"2":{"start":{"line":8,"column":0},"end":{"line":8,"column":72}},"3":{"start":{"line":11,"column":28},"end":{"line":11,"column":49}},"4":{"start":{"line":13,"column":4},"end":{"line":17,"column":null}},"5":{"start":{"line":14,"column":6},"end":{"line":16,"column":8}},"6":{"start":{"line":19,"column":4},"end":{"line":23,"column":null}},"7":{"start":{"line":20,"column":6},"end":{"line":22,"column":8}},"8":{"start":{"line":25,"column":4},"end":{"line":27,"column":null}},"9":{"start":{"line":26,"column":6},"end":{"line":26,"column":70}},"10":{"start":{"line":29,"column":4},"end":{"line":31,"column":null}},"11":{"start":{"line":30,"column":6},"end":{"line":30,"column":76}},"12":{"start":{"line":33,"column":4},"end":{"line":35,"column":null}},"13":{"start":{"line":34,"column":6},"end":{"line":34,"column":76}},"14":{"start":{"line":37,"column":4},"end":{"line":41,"column":null}},"15":{"start":{"line":38,"column":6},"end":{"line":40,"column":8}},"16":{"start":{"line":43,"column":4},"end":{"line":51,"column":null}},"17":{"start":{"line":48,"column":6},"end":{"line":50,"column":8}},"18":{"start":{"line":53,"column":23},"end":{"line":57,"column":null}},"19":{"start":{"line":62,"column":4},"end":{"line":70,"column":null}},"20":{"start":{"line":67,"column":6},"end":{"line":69,"column":8}},"21":{"start":{"line":71,"column":28},"end":{"line":71,"column":49}},"22":{"start":{"line":72,"column":4},"end":{"line":72,"column":60}},"23":{"start":{"line":76,"column":28},"end":{"line":76,"column":49}},"24":{"start":{"line":77,"column":4},"end":{"line":77,"column":52}},"25":{"start":{"line":81,"column":28},"end":{"line":81,"column":49}},"26":{"start":{"line":82,"column":4},"end":{"line":84,"column":null}},"27":{"start":{"line":83,"column":6},"end":{"line":83,"column":76}},"28":{"start":{"line":85,"column":4},"end":{"line":87,"column":null}},"29":{"start":{"line":86,"column":6},"end":{"line":86,"column":66}},"30":{"start":{"line":88,"column":4},"end":{"line":88,"column":54}},"31":{"start":{"line":92,"column":28},"end":{"line":92,"column":49}},"32":{"start":{"line":93,"column":4},"end":{"line":95,"column":null}},"33":{"start":{"line":94,"column":6},"end":{"line":94,"column":76}},"34":{"start":{"line":96,"column":4},"end":{"line":98,"column":null}},"35":{"start":{"line":97,"column":6},"end":{"line":97,"column":76}},"36":{"start":{"line":99,"column":4},"end":{"line":99,"column":60}},"37":{"start":{"line":103,"column":28},"end":{"line":103,"column":49}},"38":{"start":{"line":104,"column":21},"end":{"line":104,"column":70}},"39":{"start":{"line":105,"column":4},"end":{"line":105,"column":20}},"40":{"start":{"line":109,"column":28},"end":{"line":109,"column":49}},"41":{"start":{"line":110,"column":21},"end":{"line":110,"column":76}},"42":{"start":{"line":111,"column":4},"end":{"line":111,"column":20}},"43":{"start":{"line":115,"column":4},"end":{"line":117,"column":null}},"44":{"start":{"line":116,"column":6},"end":{"line":116,"column":60}},"45":{"start":{"line":118,"column":28},"end":{"line":118,"column":49}},"46":{"start":{"line":119,"column":20},"end":{"line":119,"column":77}},"47":{"start":{"line":120,"column":4},"end":{"line":120,"column":19}},"48":{"start":{"line":124,"column":4},"end":{"line":126,"column":null}},"49":{"start":{"line":125,"column":6},"end":{"line":125,"column":58}},"50":{"start":{"line":127,"column":28},"end":{"line":127,"column":49}},"51":{"start":{"line":128,"column":20},"end":{"line":128,"column":60}},"52":{"start":{"line":129,"column":4},"end":{"line":129,"column":19}},"53":{"start":{"line":9,"column":0},"end":{"line":9,"column":13}}},"fnMap":{"0":{"name":"(anonymous_7)","decl":{"start":{"line":10,"column":8},"end":{"line":10,"column":21}},"loc":{"start":{"line":10,"column":46},"end":{"line":59,"column":null}}},"1":{"name":"(anonymous_9)","decl":{"start":{"line":61,"column":8},"end":{"line":61,"column":29}},"loc":{"start":{"line":61,"column":67},"end":{"line":73,"column":null}}},"2":{"name":"(anonymous_11)","decl":{"start":{"line":75,"column":8},"end":{"line":75,"column":25}},"loc":{"start":{"line":75,"column":50},"end":{"line":78,"column":null}}},"3":{"name":"(anonymous_13)","decl":{"start":{"line":80,"column":8},"end":{"line":80,"column":26}},"loc":{"start":{"line":80,"column":52},"end":{"line":89,"column":null}}},"4":{"name":"(anonymous_15)","decl":{"start":{"line":91,"column":8},"end":{"line":91,"column":29}},"loc":{"start":{"line":91,"column":58},"end":{"line":100,"column":null}}},"5":{"name":"(anonymous_17)","decl":{"start":{"line":102,"column":8},"end":{"line":102,"column":22}},"loc":{"start":{"line":102,"column":50},"end":{"line":106,"column":null}}},"6":{"name":"(anonymous_19)","decl":{"start":{"line":108,"column":8},"end":{"line":108,"column":31}},"loc":{"start":{"line":108,"column":59},"end":{"line":112,"column":null}}},"7":{"name":"(anonymous_21)","decl":{"start":{"line":114,"column":8},"end":{"line":114,"column":24}},"loc":{"start":{"line":114,"column":66},"end":{"line":121,"column":null}}},"8":{"name":"(anonymous_23)","decl":{"start":{"line":123,"column":8},"end":{"line":123,"column":22}},"loc":{"start":{"line":123,"column":33},"end":{"line":130,"column":null}}}},"branchMap":{"0":{"loc":{"start":{"line":13,"column":4},"end":{"line":17,"column":null}},"type":"if","locations":[{"start":{"line":13,"column":4},"end":{"line":17,"column":null}},{"start":{"line":13,"column":4},"end":{"line":17,"column":null}}]},"1":{"loc":{"start":{"line":13,"column":8},"end":{"line":13,"column":21}},"type":"binary-expr","locations":[{"start":{"line":13,"column":8},"end":{"line":13,"column":21}},{"start":{"line":13,"column":25},"end":{"line":13,"column":42}},{"start":{"line":13,"column":46},"end":{"line":13,"column":60}}]},"2":{"loc":{"start":{"line":19,"column":4},"end":{"line":23,"column":null}},"type":"if","locations":[{"start":{"line":19,"column":4},"end":{"line":23,"column":null}},{"start":{"line":19,"column":4},"end":{"line":23,"column":null}}]},"3":{"loc":{"start":{"line":25,"column":4},"end":{"line":27,"column":null}},"type":"if","locations":[{"start":{"line":25,"column":4},"end":{"line":27,"column":null}},{"start":{"line":25,"column":4},"end":{"line":27,"column":null}}]},"4":{"loc":{"start":{"line":29,"column":4},"end":{"line":31,"column":null}},"type":"if","locations":[{"start":{"line":29,"column":4},"end":{"line":31,"column":null}},{"start":{"line":29,"column":4},"end":{"line":31,"column":null}}]},"5":{"loc":{"start":{"line":33,"column":4},"end":{"line":35,"column":null}},"type":"if","locations":[{"start":{"line":33,"column":4},"end":{"line":35,"column":null}},{"start":{"line":33,"column":4},"end":{"line":35,"column":null}}]},"6":{"loc":{"start":{"line":37,"column":4},"end":{"line":41,"column":null}},"type":"if","locations":[{"start":{"line":37,"column":4},"end":{"line":41,"column":null}},{"start":{"line":37,"column":4},"end":{"line":41,"column":null}}]},"7":{"loc":{"start":{"line":43,"column":4},"end":{"line":51,"column":null}},"type":"if","locations":[{"start":{"line":43,"column":4},"end":{"line":51,"column":null}},{"start":{"line":43,"column":4},"end":{"line":51,"column":null}}]},"8":{"loc":{"start":{"line":44,"column":6},"end":{"line":44,"column":53}},"type":"binary-expr","locations":[{"start":{"line":44,"column":6},"end":{"line":44,"column":53}},{"start":{"line":45,"column":6},"end":{"line":45,"column":46}},{"start":{"line":46,"column":6},"end":{"line":46,"column":50}}]},"9":{"loc":{"start":{"line":62,"column":4},"end":{"line":70,"column":null}},"type":"if","locations":[{"start":{"line":62,"column":4},"end":{"line":70,"column":null}},{"start":{"line":62,"column":4},"end":{"line":70,"column":null}}]},"10":{"loc":{"start":{"line":63,"column":6},"end":{"line":63,"column":45}},"type":"binary-expr","locations":[{"start":{"line":63,"column":6},"end":{"line":63,"column":45}},{"start":{"line":64,"column":6},"end":{"line":64,"column":38}},{"start":{"line":65,"column":6},"end":{"line":65,"column":42}}]},"11":{"loc":{"start":{"line":82,"column":4},"end":{"line":84,"column":null}},"type":"if","locations":[{"start":{"line":82,"column":4},"end":{"line":84,"column":null}},{"start":{"line":82,"column":4},"end":{"line":84,"column":null}}]},"12":{"loc":{"start":{"line":85,"column":4},"end":{"line":87,"column":null}},"type":"if","locations":[{"start":{"line":85,"column":4},"end":{"line":87,"column":null}},{"start":{"line":85,"column":4},"end":{"line":87,"column":null}}]},"13":{"loc":{"start":{"line":93,"column":4},"end":{"line":95,"column":null}},"type":"if","locations":[{"start":{"line":93,"column":4},"end":{"line":95,"column":null}},{"start":{"line":93,"column":4},"end":{"line":95,"column":null}}]},"14":{"loc":{"start":{"line":96,"column":4},"end":{"line":98,"column":null}},"type":"if","locations":[{"start":{"line":96,"column":4},"end":{"line":98,"column":null}},{"start":{"line":96,"column":4},"end":{"line":98,"column":null}}]},"15":{"loc":{"start":{"line":115,"column":4},"end":{"line":117,"column":null}},"type":"if","locations":[{"start":{"line":115,"column":4},"end":{"line":117,"column":null}},{"start":{"line":115,"column":4},"end":{"line":117,"column":null}}]},"16":{"loc":{"start":{"line":124,"column":4},"end":{"line":126,"column":null}},"type":"if","locations":[{"start":{"line":124,"column":4},"end":{"line":126,"column":null}},{"start":{"line":124,"column":4},"end":{"line":126,"column":null}}]}},"s":{"0":4,"1":4,"2":4,"3":5,"4":5,"5":2,"6":3,"7":1,"8":2,"9":1,"10":1,"11":0,"12":1,"13":0,"14":1,"15":0,"16":1,"17":0,"18":1,"19":1,"20":1,"21":0,"22":0,"23":0,"24":0,"25":1,"26":1,"27":1,"28":0,"29":0,"30":0,"31":1,"32":1,"33":0,"34":1,"35":1,"36":0,"37":0,"38":0,"39":0,"40":0,"41":0,"42":0,"43":0,"44":0,"45":0,"46":0,"47":0,"48":0,"49":0,"50":0,"51":0,"52":0,"53":4},"f":{"0":5,"1":1,"2":0,"3":1,"4":1,"5":0,"6":0,"7":0,"8":0},"b":{"0":[2,3],"1":[5,4,4],"2":[1,2],"3":[1,1],"4":[0,1],"5":[0,1],"6":[0,1],"7":[0,1],"8":[1,0,0],"9":[1,0],"10":[1,1,1],"11":[1,0],"12":[0,0],"13":[0,1],"14":[1,0],"15":[0,0],"16":[0,0]}}
,"D:\\Projetos\\backend-south-system-code-challenge\\src\\business\\UserBusiness.ts": {"path":"D:\\Projetos\\backend-south-system-code-challenge\\src\\business\\UserBusiness.ts","statementMap":{"0":{"start":{"line":1,"column":0},"end":{"line":1,"column":null}},"1":{"start":{"line":8,"column":0},"end":{"line":8,"column":52}},"2":{"start":{"line":9,"column":0},"end":{"line":9,"column":54}},"3":{"start":{"line":10,"column":0},"end":{"line":10,"column":58}},"4":{"start":{"line":14,"column":25},"end":{"line":14,"column":43}},"5":{"start":{"line":15,"column":4},"end":{"line":17,"column":null}},"6":{"start":{"line":16,"column":6},"end":{"line":16,"column":73}},"7":{"start":{"line":19,"column":4},"end":{"line":21,"column":null}},"8":{"start":{"line":20,"column":6},"end":{"line":20,"column":74}},"9":{"start":{"line":23,"column":20},"end":{"line":26,"column":null}},"10":{"start":{"line":29,"column":4},"end":{"line":29,"column":19}},"11":{"start":{"line":33,"column":25},"end":{"line":33,"column":43}},"12":{"start":{"line":34,"column":23},"end":{"line":34,"column":74}},"13":{"start":{"line":36,"column":24},"end":{"line":36,"column":41}},"14":{"start":{"line":37,"column":24},"end":{"line":39,"column":null}},"15":{"start":{"line":42,"column":26},"end":{"line":42,"column":45}},"16":{"start":{"line":43,"column":18},"end":{"line":43,"column":62}},"17":{"start":{"line":45,"column":4},"end":{"line":47,"column":null}},"18":{"start":{"line":46,"column":6},"end":{"line":46,"column":43}},"19":{"start":{"line":49,"column":4},"end":{"line":49,"column":17}},"20":{"start":{"line":12,"column":0},"end":{"line":12,"column":13}}},"fnMap":{"0":{"name":"(anonymous_7)","decl":{"start":{"line":13,"column":8},"end":{"line":13,"column":18}},"loc":{"start":{"line":13,"column":37},"end":{"line":30,"column":null}}},"1":{"name":"(anonymous_9)","decl":{"start":{"line":32,"column":8},"end":{"line":32,"column":25}},"loc":{"start":{"line":32,"column":45},"end":{"line":50,"column":null}}}},"branchMap":{"0":{"loc":{"start":{"line":15,"column":4},"end":{"line":17,"column":null}},"type":"if","locations":[{"start":{"line":15,"column":4},"end":{"line":17,"column":null}},{"start":{"line":15,"column":4},"end":{"line":17,"column":null}}]},"1":{"loc":{"start":{"line":15,"column":8},"end":{"line":15,"column":22}},"type":"binary-expr","locations":[{"start":{"line":15,"column":8},"end":{"line":15,"column":22}},{"start":{"line":15,"column":26},"end":{"line":15,"column":40}},{"start":{"line":15,"column":44},"end":{"line":15,"column":54}}]},"2":{"loc":{"start":{"line":19,"column":4},"end":{"line":21,"column":null}},"type":"if","locations":[{"start":{"line":19,"column":4},"end":{"line":21,"column":null}},{"start":{"line":19,"column":4},"end":{"line":21,"column":null}}]},"3":{"loc":{"start":{"line":19,"column":8},"end":{"line":19,"column":37}},"type":"binary-expr","locations":[{"start":{"line":19,"column":8},"end":{"line":19,"column":37}},{"start":{"line":19,"column":41},"end":{"line":19,"column":71}}]},"4":{"loc":{"start":{"line":45,"column":4},"end":{"line":47,"column":null}},"type":"if","locations":[{"start":{"line":45,"column":4},"end":{"line":47,"column":null}},{"start":{"line":45,"column":4},"end":{"line":47,"column":null}}]}},"s":{"0":2,"1":2,"2":2,"3":2,"4":0,"5":0,"6":0,"7":0,"8":0,"9":0,"10":0,"11":0,"12":0,"13":0,"14":0,"15":0,"16":0,"17":0,"18":0,"19":0,"20":2},"f":{"0":0,"1":0},"b":{"0":[0,0],"1":[0,0,0],"2":[0,0],"3":[0,0],"4":[0,0]}}
,"D:\\Projetos\\backend-south-system-code-challenge\\src\\controller\\ProductController.ts": {"path":"D:\\Projetos\\backend-south-system-code-challenge\\src\\controller\\ProductController.ts","statementMap":{"0":{"start":{"line":2,"column":0},"end":{"line":2,"column":null}},"1":{"start":{"line":7,"column":0},"end":{"line":7,"column":62}},"2":{"start":{"line":8,"column":0},"end":{"line":8,"column":58}},"3":{"start":{"line":9,"column":0},"end":{"line":9,"column":41}},"4":{"start":{"line":10,"column":0},"end":{"line":10,"column":52}},"5":{"start":{"line":11,"column":0},"end":{"line":11,"column":59}},"6":{"start":{"line":15,"column":4},"end":{"line":52,"column":null}},"7":{"start":{"line":16,"column":37},"end":{"line":21,"column":8}},"8":{"start":{"line":23,"column":28},"end":{"line":23,"column":47}},"9":{"start":{"line":24,"column":20},"end":{"line":24,"column":45}},"10":{"start":{"line":26,"column":6},"end":{"line":28,"column":null}},"11":{"start":{"line":27,"column":8},"end":{"line":27,"column":75}},"12":{"start":{"line":30,"column":19},"end":{"line":30,"column":47}},"13":{"start":{"line":32,"column":6},"end":{"line":37,"column":null}},"14":{"start":{"line":33,"column":8},"end":{"line":36,"column":11}},"15":{"start":{"line":39,"column":27},"end":{"line":39,"column":45}},"16":{"start":{"line":40,"column":17},"end":{"line":40,"column":51}},"17":{"start":{"line":42,"column":23},"end":{"line":42,"column":31}},"18":{"start":{"line":43,"column":6},"end":{"line":45,"column":null}},"19":{"start":{"line":44,"column":8},"end":{"line":44,"column":62}},"20":{"start":{"line":46,"column":30},"end":{"line":46,"column":51}},"21":{"start":{"line":47,"column":6},"end":{"line":47,"column":49}},"22":{"start":{"line":49,"column":6},"end":{"line":49,"column":58}},"23":{"start":{"line":51,"column":6},"end":{"line":51,"column":53}},"24":{"start":{"line":56,"column":4},"end":{"line":94,"column":null}},"25":{"start":{"line":57,"column":28},"end":{"line":57,"column":47}},"26":{"start":{"line":58,"column":20},"end":{"line":58,"column":45}},"27":{"start":{"line":60,"column":6},"end":{"line":62,"column":null}},"28":{"start":{"line":61,"column":8},"end":{"line":61,"column":75}},"29":{"start":{"line":64,"column":19},"end":{"line":64,"column":47}},"30":{"start":{"line":66,"column":6},"end":{"line":71,"column":null}},"31":{"start":{"line":67,"column":8},"end":{"line":70,"column":11}},"32":{"start":{"line":73,"column":17},"end":{"line":73,"column":30}},"33":{"start":{"line":75,"column":27},"end":{"line":75,"column":45}},"34":{"start":{"line":76,"column":17},"end":{"line":76,"column":51}},"35":{"start":{"line":78,"column":30},"end":{"line":78,"column":44}},"36":{"start":{"line":80,"column":6},"end":{"line":82,"column":null}},"37":{"start":{"line":81,"column":8},"end":{"line":81,"column":76}},"38":{"start":{"line":84,"column":22},"end":{"line":84,"column":60}},"39":{"start":{"line":85,"column":6},"end":{"line":87,"column":null}},"40":{"start":{"line":86,"column":8},"end":{"line":86,"column":80}},"41":{"start":{"line":89,"column":6},"end":{"line":89,"column":55}},"42":{"start":{"line":91,"column":6},"end":{"line":91,"column":37}},"43":{"start":{"line":93,"column":6},"end":{"line":93,"column":53}},"44":{"start":{"line":98,"column":4},"end":{"line":166,"column":null}},"45":{"start":{"line":99,"column":28},"end":{"line":99,"column":47}},"46":{"start":{"line":100,"column":20},"end":{"line":100,"column":45}},"47":{"start":{"line":102,"column":27},"end":{"line":102,"column":45}},"48":{"start":{"line":103,"column":6},"end":{"line":103,"column":41}},"49":{"start":{"line":105,"column":6},"end":{"line":107,"column":null}},"50":{"start":{"line":106,"column":8},"end":{"line":106,"column":65}},"51":{"start":{"line":109,"column":19},"end":{"line":109,"column":47}},"52":{"start":{"line":111,"column":6},"end":{"line":117,"column":null}},"53":{"start":{"line":112,"column":8},"end":{"line":116,"column":12}},"54":{"start":{"line":118,"column":32},"end":{"line":118,"column":45}},"55":{"start":{"line":120,"column":30},"end":{"line":120,"column":59}},"56":{"start":{"line":122,"column":6},"end":{"line":124,"column":null}},"57":{"start":{"line":123,"column":8},"end":{"line":123,"column":76}},"58":{"start":{"line":126,"column":22},"end":{"line":126,"column":75}},"59":{"start":{"line":127,"column":6},"end":{"line":129,"column":null}},"60":{"start":{"line":128,"column":8},"end":{"line":128,"column":80}},"61":{"start":{"line":131,"column":6},"end":{"line":137,"column":null}},"62":{"start":{"line":132,"column":32},"end":{"line":132,"column":53}},"63":{"start":{"line":133,"column":8},"end":{"line":136,"column":10}},"64":{"start":{"line":139,"column":6},"end":{"line":145,"column":null}},"65":{"start":{"line":140,"column":32},"end":{"line":140,"column":53}},"66":{"start":{"line":141,"column":8},"end":{"line":144,"column":10}},"67":{"start":{"line":147,"column":6},"end":{"line":153,"column":null}},"68":{"start":{"line":148,"column":32},"end":{"line":148,"column":53}},"69":{"start":{"line":149,"column":8},"end":{"line":152,"column":10}},"70":{"start":{"line":155,"column":6},"end":{"line":161,"column":null}},"71":{"start":{"line":156,"column":32},"end":{"line":156,"column":53}},"72":{"start":{"line":157,"column":8},"end":{"line":160,"column":10}},"73":{"start":{"line":163,"column":6},"end":{"line":163,"column":52}},"74":{"start":{"line":165,"column":6},"end":{"line":165,"column":53}},"75":{"start":{"line":170,"column":4},"end":{"line":194,"column":null}},"76":{"start":{"line":171,"column":28},"end":{"line":171,"column":47}},"77":{"start":{"line":172,"column":20},"end":{"line":172,"column":45}},"78":{"start":{"line":173,"column":20},"end":{"line":173,"column":43}},"79":{"start":{"line":174,"column":19},"end":{"line":174,"column":41}},"80":{"start":{"line":176,"column":6},"end":{"line":178,"column":null}},"81":{"start":{"line":177,"column":8},"end":{"line":177,"column":65}},"82":{"start":{"line":180,"column":19},"end":{"line":180,"column":47}},"83":{"start":{"line":182,"column":6},"end":{"line":188,"column":null}},"84":{"start":{"line":183,"column":8},"end":{"line":187,"column":12}},"85":{"start":{"line":189,"column":30},"end":{"line":189,"column":51}},"86":{"start":{"line":190,"column":23},"end":{"line":190,"column":72}},"87":{"start":{"line":191,"column":6},"end":{"line":191,"column":75}},"88":{"start":{"line":193,"column":6},"end":{"line":193,"column":53}},"89":{"start":{"line":198,"column":4},"end":{"line":225,"column":null}},"90":{"start":{"line":199,"column":28},"end":{"line":199,"column":47}},"91":{"start":{"line":200,"column":20},"end":{"line":200,"column":45}},"92":{"start":{"line":201,"column":20},"end":{"line":201,"column":43}},"93":{"start":{"line":202,"column":19},"end":{"line":202,"column":41}},"94":{"start":{"line":204,"column":6},"end":{"line":206,"column":null}},"95":{"start":{"line":205,"column":8},"end":{"line":205,"column":65}},"96":{"start":{"line":208,"column":19},"end":{"line":208,"column":47}},"97":{"start":{"line":210,"column":6},"end":{"line":216,"column":null}},"98":{"start":{"line":211,"column":8},"end":{"line":215,"column":12}},"99":{"start":{"line":217,"column":30},"end":{"line":217,"column":51}},"100":{"start":{"line":218,"column":23},"end":{"line":220,"column":null}},"101":{"start":{"line":222,"column":6},"end":{"line":222,"column":75}},"102":{"start":{"line":224,"column":6},"end":{"line":224,"column":53}},"103":{"start":{"line":229,"column":4},"end":{"line":260,"column":null}},"104":{"start":{"line":230,"column":28},"end":{"line":230,"column":47}},"105":{"start":{"line":231,"column":20},"end":{"line":231,"column":45}},"106":{"start":{"line":232,"column":20},"end":{"line":232,"column":43}},"107":{"start":{"line":233,"column":19},"end":{"line":233,"column":41}},"108":{"start":{"line":235,"column":26},"end":{"line":235,"column":50}},"109":{"start":{"line":237,"column":6},"end":{"line":239,"column":null}},"110":{"start":{"line":238,"column":8},"end":{"line":238,"column":65}},"111":{"start":{"line":241,"column":19},"end":{"line":241,"column":47}},"112":{"start":{"line":243,"column":6},"end":{"line":249,"column":null}},"113":{"start":{"line":244,"column":8},"end":{"line":248,"column":12}},"114":{"start":{"line":251,"column":30},"end":{"line":251,"column":51}},"115":{"start":{"line":252,"column":22},"end":{"line":255,"column":null}},"116":{"start":{"line":257,"column":6},"end":{"line":257,"column":36}},"117":{"start":{"line":259,"column":6},"end":{"line":259,"column":53}},"118":{"start":{"line":264,"column":4},"end":{"line":299,"column":22}},"119":{"start":{"line":265,"column":28},"end":{"line":265,"column":47}},"120":{"start":{"line":266,"column":20},"end":{"line":266,"column":45}},"121":{"start":{"line":268,"column":27},"end":{"line":268,"column":45}},"122":{"start":{"line":269,"column":6},"end":{"line":269,"column":41}},"123":{"start":{"line":271,"column":24},"end":{"line":271,"column":37}},"124":{"start":{"line":273,"column":6},"end":{"line":275,"column":null}},"125":{"start":{"line":274,"column":8},"end":{"line":274,"column":65}},"126":{"start":{"line":277,"column":19},"end":{"line":277,"column":47}},"127":{"start":{"line":279,"column":6},"end":{"line":283,"column":null}},"128":{"start":{"line":280,"column":8},"end":{"line":282,"column":73}},"129":{"start":{"line":285,"column":30},"end":{"line":285,"column":51}},"130":{"start":{"line":287,"column":6},"end":{"line":289,"column":null}},"131":{"start":{"line":288,"column":8},"end":{"line":288,"column":76}},"132":{"start":{"line":291,"column":28},"end":{"line":291,"column":73}},"133":{"start":{"line":292,"column":6},"end":{"line":294,"column":null}},"134":{"start":{"line":293,"column":8},"end":{"line":293,"column":80}},"135":{"start":{"line":296,"column":30},"end":{"line":296,"column":51}},"136":{"start":{"line":297,"column":22},"end":{"line":297,"column":69}},"137":{"start":{"line":298,"column":6},"end":{"line":298,"column":36}},"138":{"start":{"line":13,"column":0},"end":{"line":13,"column":13}}},"fnMap":{"0":{"name":"(anonymous_7)","decl":{"start":{"line":14,"column":8},"end":{"line":14,"column":21}},"loc":{"start":{"line":14,"column":49},"end":{"line":53,"column":null}}},"1":{"name":"(anonymous_9)","decl":{"start":{"line":55,"column":8},"end":{"line":55,"column":21}},"loc":{"start":{"line":55,"column":49},"end":{"line":95,"column":null}}},"2":{"name":"(anonymous_11)","decl":{"start":{"line":97,"column":8},"end":{"line":97,"column":21}},"loc":{"start":{"line":97,"column":49},"end":{"line":167,"column":null}}},"3":{"name":"(anonymous_13)","decl":{"start":{"line":169,"column":8},"end":{"line":169,"column":22}},"loc":{"start":{"line":169,"column":50},"end":{"line":195,"column":null}}},"4":{"name":"(anonymous_15)","decl":{"start":{"line":197,"column":8},"end":{"line":197,"column":28}},"loc":{"start":{"line":197,"column":56},"end":{"line":226,"column":null}}},"5":{"name":"(anonymous_17)","decl":{"start":{"line":228,"column":8},"end":{"line":228,"column":24}},"loc":{"start":{"line":228,"column":52},"end":{"line":261,"column":null}}},"6":{"name":"(anonymous_19)","decl":{"start":{"line":263,"column":8},"end":{"line":263,"column":22}},"loc":{"start":{"line":263,"column":50},"end":{"line":300,"column":null}}}},"branchMap":{"0":{"loc":{"start":{"line":26,"column":6},"end":{"line":28,"column":null}},"type":"if","locations":[{"start":{"line":26,"column":6},"end":{"line":28,"column":null}},{"start":{"line":26,"column":6},"end":{"line":28,"column":null}}]},"1":{"loc":{"start":{"line":32,"column":6},"end":{"line":37,"column":null}},"type":"if","locations":[{"start":{"line":32,"column":6},"end":{"line":37,"column":null}},{"start":{"line":32,"column":6},"end":{"line":37,"column":null}}]},"2":{"loc":{"start":{"line":43,"column":6},"end":{"line":45,"column":null}},"type":"if","locations":[{"start":{"line":43,"column":6},"end":{"line":45,"column":null}},{"start":{"line":43,"column":6},"end":{"line":45,"column":null}}]},"3":{"loc":{"start":{"line":60,"column":6},"end":{"line":62,"column":null}},"type":"if","locations":[{"start":{"line":60,"column":6},"end":{"line":62,"column":null}},{"start":{"line":60,"column":6},"end":{"line":62,"column":null}}]},"4":{"loc":{"start":{"line":66,"column":6},"end":{"line":71,"column":null}},"type":"if","locations":[{"start":{"line":66,"column":6},"end":{"line":71,"column":null}},{"start":{"line":66,"column":6},"end":{"line":71,"column":null}}]},"5":{"loc":{"start":{"line":80,"column":6},"end":{"line":82,"column":null}},"type":"if","locations":[{"start":{"line":80,"column":6},"end":{"line":82,"column":null}},{"start":{"line":80,"column":6},"end":{"line":82,"column":null}}]},"6":{"loc":{"start":{"line":85,"column":6},"end":{"line":87,"column":null}},"type":"if","locations":[{"start":{"line":85,"column":6},"end":{"line":87,"column":null}},{"start":{"line":85,"column":6},"end":{"line":87,"column":null}}]},"7":{"loc":{"start":{"line":105,"column":6},"end":{"line":107,"column":null}},"type":"if","locations":[{"start":{"line":105,"column":6},"end":{"line":107,"column":null}},{"start":{"line":105,"column":6},"end":{"line":107,"column":null}}]},"8":{"loc":{"start":{"line":111,"column":6},"end":{"line":117,"column":null}},"type":"if","locations":[{"start":{"line":111,"column":6},"end":{"line":117,"column":null}},{"start":{"line":111,"column":6},"end":{"line":117,"column":null}}]},"9":{"loc":{"start":{"line":122,"column":6},"end":{"line":124,"column":null}},"type":"if","locations":[{"start":{"line":122,"column":6},"end":{"line":124,"column":null}},{"start":{"line":122,"column":6},"end":{"line":124,"column":null}}]},"10":{"loc":{"start":{"line":127,"column":6},"end":{"line":129,"column":null}},"type":"if","locations":[{"start":{"line":127,"column":6},"end":{"line":129,"column":null}},{"start":{"line":127,"column":6},"end":{"line":129,"column":null}}]},"11":{"loc":{"start":{"line":131,"column":6},"end":{"line":137,"column":null}},"type":"if","locations":[{"start":{"line":131,"column":6},"end":{"line":137,"column":null}},{"start":{"line":131,"column":6},"end":{"line":137,"column":null}}]},"12":{"loc":{"start":{"line":139,"column":6},"end":{"line":145,"column":null}},"type":"if","locations":[{"start":{"line":139,"column":6},"end":{"line":145,"column":null}},{"start":{"line":139,"column":6},"end":{"line":145,"column":null}}]},"13":{"loc":{"start":{"line":147,"column":6},"end":{"line":153,"column":null}},"type":"if","locations":[{"start":{"line":147,"column":6},"end":{"line":153,"column":null}},{"start":{"line":147,"column":6},"end":{"line":153,"column":null}}]},"14":{"loc":{"start":{"line":155,"column":6},"end":{"line":161,"column":null}},"type":"if","locations":[{"start":{"line":155,"column":6},"end":{"line":161,"column":null}},{"start":{"line":155,"column":6},"end":{"line":161,"column":null}}]},"15":{"loc":{"start":{"line":176,"column":6},"end":{"line":178,"column":null}},"type":"if","locations":[{"start":{"line":176,"column":6},"end":{"line":178,"column":null}},{"start":{"line":176,"column":6},"end":{"line":178,"column":null}}]},"16":{"loc":{"start":{"line":182,"column":6},"end":{"line":188,"column":null}},"type":"if","locations":[{"start":{"line":182,"column":6},"end":{"line":188,"column":null}},{"start":{"line":182,"column":6},"end":{"line":188,"column":null}}]},"17":{"loc":{"start":{"line":204,"column":6},"end":{"line":206,"column":null}},"type":"if","locations":[{"start":{"line":204,"column":6},"end":{"line":206,"column":null}},{"start":{"line":204,"column":6},"end":{"line":206,"column":null}}]},"18":{"loc":{"start":{"line":210,"column":6},"end":{"line":216,"column":null}},"type":"if","locations":[{"start":{"line":210,"column":6},"end":{"line":216,"column":null}},{"start":{"line":210,"column":6},"end":{"line":216,"column":null}}]},"19":{"loc":{"start":{"line":237,"column":6},"end":{"line":239,"column":null}},"type":"if","locations":[{"start":{"line":237,"column":6},"end":{"line":239,"column":null}},{"start":{"line":237,"column":6},"end":{"line":239,"column":null}}]},"20":{"loc":{"start":{"line":243,"column":6},"end":{"line":249,"column":null}},"type":"if","locations":[{"start":{"line":243,"column":6},"end":{"line":249,"column":null}},{"start":{"line":243,"column":6},"end":{"line":249,"column":null}}]},"21":{"loc":{"start":{"line":273,"column":6},"end":{"line":275,"column":null}},"type":"if","locations":[{"start":{"line":273,"column":6},"end":{"line":275,"column":null}},{"start":{"line":273,"column":6},"end":{"line":275,"column":null}}]},"22":{"loc":{"start":{"line":279,"column":6},"end":{"line":283,"column":null}},"type":"if","locations":[{"start":{"line":279,"column":6},"end":{"line":283,"column":null}},{"start":{"line":279,"column":6},"end":{"line":283,"column":null}}]},"23":{"loc":{"start":{"line":287,"column":6},"end":{"line":289,"column":null}},"type":"if","locations":[{"start":{"line":287,"column":6},"end":{"line":289,"column":null}},{"start":{"line":287,"column":6},"end":{"line":289,"column":null}}]},"24":{"loc":{"start":{"line":292,"column":6},"end":{"line":294,"column":null}},"type":"if","locations":[{"start":{"line":292,"column":6},"end":{"line":294,"column":null}},{"start":{"line":292,"column":6},"end":{"line":294,"column":null}}]}},"s":{"0":2,"1":2,"2":2,"3":2,"4":2,"5":2,"6":5,"7":5,"8":5,"9":5,"10":5,"11":1,"12":4,"13":2,"14":2,"15":0,"16":0,"17":0,"18":0,"19":0,"20":0,"21":0,"22":0,"23":2,"24":3,"25":3,"26":3,"27":3,"28":0,"29":3,"30":1,"31":1,"32":0,"33":0,"34":0,"35":0,"36":0,"37":0,"38":0,"39":0,"40":0,"41":0,"42":0,"43":2,"44":0,"45":0,"46":0,"47":0,"48":0,"49":0,"50":0,"51":0,"52":0,"53":0,"54":0,"55":0,"56":0,"57":0,"58":0,"59":0,"60":0,"61":0,"62":0,"63":0,"64":0,"65":0,"66":0,"67":0,"68":0,"69":0,"70":0,"71":0,"72":0,"73":0,"74":0,"75":0,"76":0,"77":0,"78":0,"79":0,"80":0,"81":0,"82":0,"83":0,"84":0,"85":0,"86":0,"87":0,"88":0,"89":0,"90":0,"91":0,"92":0,"93":0,"94":0,"95":0,"96":0,"97":0,"98":0,"99":0,"100":0,"101":0,"102":0,"103":0,"104":0,"105":0,"106":0,"107":0,"108":0,"109":0,"110":0,"111":0,"112":0,"113":0,"114":0,"115":0,"116":0,"117":0,"118":0,"119":0,"120":0,"121":0,"122":0,"123":0,"124":0,"125":0,"126":0,"127":0,"128":0,"129":0,"130":0,"131":0,"132":0,"133":0,"134":0,"135":0,"136":0,"137":0,"138":2},"f":{"0":5,"1":3,"2":0,"3":0,"4":0,"5":0,"6":0},"b":{"0":[1,4],"1":[2,0],"2":[0,0],"3":[0,3],"4":[1,0],"5":[0,0],"6":[0,0],"7":[0,0],"8":[0,0],"9":[0,0],"10":[0,0],"11":[0,0],"12":[0,0],"13":[0,0],"14":[0,0],"15":[0,0],"16":[0,0],"17":[0,0],"18":[0,0],"19":[0,0],"20":[0,0],"21":[0,0],"22":[0,0],"23":[0,0],"24":[0,0]}}
,"D:\\Projetos\\backend-south-system-code-challenge\\src\\controller\\UserController.ts": {"path":"D:\\Projetos\\backend-south-system-code-challenge\\src\\controller\\UserController.ts","statementMap":{"0":{"start":{"line":2,"column":0},"end":{"line":2,"column":null}},"1":{"start":{"line":8,"column":0},"end":{"line":8,"column":56}},"2":{"start":{"line":9,"column":0},"end":{"line":9,"column":58}},"3":{"start":{"line":10,"column":0},"end":{"line":10,"column":52}},"4":{"start":{"line":14,"column":4},"end":{"line":40,"column":null}},"5":{"start":{"line":15,"column":34},"end":{"line":19,"column":8}},"6":{"start":{"line":21,"column":27},"end":{"line":21,"column":45}},"7":{"start":{"line":22,"column":17},"end":{"line":22,"column":45}},"8":{"start":{"line":24,"column":25},"end":{"line":26,"column":15}},"9":{"start":{"line":28,"column":6},"end":{"line":30,"column":null}},"10":{"start":{"line":29,"column":8},"end":{"line":29,"column":66}},"11":{"start":{"line":32,"column":27},"end":{"line":32,"column":45}},"12":{"start":{"line":33,"column":22},"end":{"line":33,"column":58}},"13":{"start":{"line":35,"column":28},"end":{"line":35,"column":47}},"14":{"start":{"line":36,"column":20},"end":{"line":36,"column":71}},"15":{"start":{"line":37,"column":6},"end":{"line":37,"column":38}},"16":{"start":{"line":39,"column":6},"end":{"line":39,"column":53}},"17":{"start":{"line":44,"column":4},"end":{"line":67,"column":null}},"18":{"start":{"line":45,"column":39},"end":{"line":48,"column":8}},"19":{"start":{"line":50,"column":27},"end":{"line":50,"column":45}},"20":{"start":{"line":51,"column":17},"end":{"line":51,"column":45}},"21":{"start":{"line":53,"column":19},"end":{"line":55,"column":15}},"22":{"start":{"line":57,"column":6},"end":{"line":59,"column":null}},"23":{"start":{"line":58,"column":8},"end":{"line":58,"column":58}},"24":{"start":{"line":61,"column":27},"end":{"line":61,"column":45}},"25":{"start":{"line":62,"column":20},"end":{"line":62,"column":67}},"26":{"start":{"line":64,"column":6},"end":{"line":64,"column":38}},"27":{"start":{"line":66,"column":6},"end":{"line":66,"column":53}},"28":{"start":{"line":12,"column":0},"end":{"line":12,"column":13}}},"fnMap":{"0":{"name":"(anonymous_7)","decl":{"start":{"line":13,"column":8},"end":{"line":13,"column":14}},"loc":{"start":{"line":13,"column":42},"end":{"line":41,"column":null}}},"1":{"name":"(anonymous_9)","decl":{"start":{"line":43,"column":8},"end":{"line":43,"column":13}},"loc":{"start":{"line":43,"column":41},"end":{"line":68,"column":null}}}},"branchMap":{"0":{"loc":{"start":{"line":28,"column":6},"end":{"line":30,"column":null}},"type":"if","locations":[{"start":{"line":28,"column":6},"end":{"line":30,"column":null}},{"start":{"line":28,"column":6},"end":{"line":30,"column":null}}]},"1":{"loc":{"start":{"line":57,"column":6},"end":{"line":59,"column":null}},"type":"if","locations":[{"start":{"line":57,"column":6},"end":{"line":59,"column":null}},{"start":{"line":57,"column":6},"end":{"line":59,"column":null}}]}},"s":{"0":2,"1":2,"2":2,"3":2,"4":0,"5":0,"6":0,"7":0,"8":0,"9":0,"10":0,"11":0,"12":0,"13":0,"14":0,"15":0,"16":0,"17":0,"18":0,"19":0,"20":0,"21":0,"22":0,"23":0,"24":0,"25":0,"26":0,"27":0,"28":2},"f":{"0":0,"1":0},"b":{"0":[0,0],"1":[0,0]}}
,"D:\\Projetos\\backend-south-system-code-challenge\\src\\data\\BaseDatabase.ts": {"path":"D:\\Projetos\\backend-south-system-code-challenge\\src\\data\\BaseDatabase.ts","statementMap":{"0":{"start":{"line":1,"column":0},"end":{"line":1,"column":70}},"1":{"start":{"line":4,"column":9},"end":{"line":20,"column":4}},"2":{"start":{"line":4,"column":57},"end":{"line":20,"column":4}},"3":{"start":{"line":5,"column":4},"end":{"line":8,"column":7}},"4":{"start":{"line":9,"column":15},"end":{"line":9,"column":34}},"5":{"start":{"line":11,"column":4},"end":{"line":13,"column":7}},"6":{"start":{"line":12,"column":6},"end":{"line":12,"column":25}},"7":{"start":{"line":15,"column":4},"end":{"line":17,"column":7}},"8":{"start":{"line":16,"column":6},"end":{"line":16,"column":40}},"9":{"start":{"line":19,"column":4},"end":{"line":19,"column":14}},"10":{"start":{"line":3,"column":0},"end":{"line":3,"column":22}}},"fnMap":{"0":{"name":"(anonymous_8)","decl":{"start":{"line":3,"column":0},"end":{"line":3,"column":22}},"loc":{"start":{"line":3,"column":0},"end":{"line":21,"column":1}}},"1":{"name":"(anonymous_9)","decl":{"start":{"line":4,"column":25},"end":{"line":4,"column":55}},"loc":{"start":{"line":4,"column":57},"end":{"line":20,"column":4}}},"2":{"name":"(anonymous_10)","decl":{"start":{"line":4,"column":57},"end":{"line":4,"column":null}},"loc":{"start":{"line":4,"column":57},"end":{"line":20,"column":3}}},"3":{"name":"(anonymous_11)","decl":{"start":{"line":11,"column":19},"end":{"line":11,"column":20}},"loc":{"start":{"line":11,"column":29},"end":{"line":13,"column":5}}},"4":{"name":"(anonymous_12)","decl":{"start":{"line":15,"column":20},"end":{"line":15,"column":23}},"loc":{"start":{"line":15,"column":25},"end":{"line":17,"column":5}}}},"branchMap":{},"s":{"0":4,"1":7,"2":1,"3":1,"4":0,"5":0,"6":0,"7":0,"8":0,"9":0,"10":4},"f":{"0":7,"1":1,"2":1,"3":0,"4":0},"b":{}}
,"D:\\Projetos\\backend-south-system-code-challenge\\src\\data\\ProductDatabase.ts": {"path":"D:\\Projetos\\backend-south-system-code-challenge\\src\\data\\ProductDatabase.ts","statementMap":{"0":{"start":{"line":1,"column":0},"end":{"line":1,"column":65}},"1":{"start":{"line":2,"column":0},"end":{"line":2,"column":46}},"2":{"start":{"line":5,"column":9},"end":{"line":22,"column":4}},"3":{"start":{"line":10,"column":6},"end":{"line":22,"column":4}},"4":{"start":{"line":11,"column":4},"end":{"line":21,"column":null}},"5":{"start":{"line":12,"column":25},"end":{"line":12,"column":51}},"6":{"start":{"line":13,"column":6},"end":{"line":18,"column":16}},"7":{"start":{"line":20,"column":6},"end":{"line":20,"column":37}},"8":{"start":{"line":24,"column":9},"end":{"line":34,"column":4}},"9":{"start":{"line":27,"column":6},"end":{"line":34,"column":4}},"10":{"start":{"line":28,"column":4},"end":{"line":33,"column":null}},"11":{"start":{"line":29,"column":6},"end":{"line":29,"column":33}},"12":{"start":{"line":30,"column":6},"end":{"line":30,"column":78}},"13":{"start":{"line":32,"column":6},"end":{"line":32,"column":37}},"14":{"start":{"line":36,"column":9},"end":{"line":43,"column":4}},"15":{"start":{"line":36,"column":64},"end":{"line":43,"column":4}},"16":{"start":{"line":37,"column":4},"end":{"line":42,"column":null}},"17":{"start":{"line":38,"column":6},"end":{"line":38,"column":33}},"18":{"start":{"line":39,"column":6},"end":{"line":39,"column":72}},"19":{"start":{"line":41,"column":6},"end":{"line":41,"column":37}},"20":{"start":{"line":45,"column":9},"end":{"line":52,"column":4}},"21":{"start":{"line":45,"column":62},"end":{"line":52,"column":4}},"22":{"start":{"line":46,"column":4},"end":{"line":51,"column":null}},"23":{"start":{"line":47,"column":6},"end":{"line":47,"column":33}},"24":{"start":{"line":48,"column":6},"end":{"line":48,"column":70}},"25":{"start":{"line":50,"column":6},"end":{"line":50,"column":37}},"26":{"start":{"line":54,"column":9},"end":{"line":61,"column":4}},"27":{"start":{"line":54,"column":70},"end":{"line":61,"column":4}},"28":{"start":{"line":55,"column":4},"end":{"line":60,"column":null}},"29":{"start":{"line":56,"column":6},"end":{"line":56,"column":33}},"30":{"start":{"line":57,"column":6},"end":{"line":57,"column":78}},"31":{"start":{"line":59,"column":6},"end":{"line":59,"column":37}},"32":{"start":{"line":63,"column":9},"end":{"line":75,"column":4}},"33":{"start":{"line":63,"column":64},"end":{"line":75,"column":4}},"34":{"start":{"line":64,"column":4},"end":{"line":74,"column":null}},"35":{"start":{"line":65,"column":6},"end":{"line":65,"column":33}},"36":{"start":{"line":67,"column":23},"end":{"line":70,"column":15}},"37":{"start":{"line":71,"column":6},"end":{"line":71,"column":22}},"38":{"start":{"line":73,"column":6},"end":{"line":73,"column":37}},"39":{"start":{"line":77,"column":9},"end":{"line":88,"column":4}},"40":{"start":{"line":77,"column":70},"end":{"line":88,"column":4}},"41":{"start":{"line":78,"column":4},"end":{"line":87,"column":null}},"42":{"start":{"line":79,"column":6},"end":{"line":79,"column":33}},"43":{"start":{"line":80,"column":23},"end":{"line":83,"column":15}},"44":{"start":{"line":84,"column":6},"end":{"line":84,"column":22}},"45":{"start":{"line":86,"column":6},"end":{"line":86,"column":37}},"46":{"start":{"line":90,"column":9},"end":{"line":108,"column":4}},"47":{"start":{"line":94,"column":6},"end":{"line":108,"column":4}},"48":{"start":{"line":95,"column":4},"end":{"line":107,"column":null}},"49":{"start":{"line":96,"column":6},"end":{"line":96,"column":33}},"50":{"start":{"line":97,"column":22},"end":{"line":102,"column":15}},"51":{"start":{"line":104,"column":6},"end":{"line":104,"column":21}},"52":{"start":{"line":106,"column":6},"end":{"line":106,"column":37}},"53":{"start":{"line":110,"column":9},"end":{"line":118,"column":4}},"54":{"start":{"line":110,"column":47},"end":{"line":118,"column":4}},"55":{"start":{"line":111,"column":4},"end":{"line":117,"column":null}},"56":{"start":{"line":112,"column":6},"end":{"line":112,"column":33}},"57":{"start":{"line":113,"column":22},"end":{"line":113,"column":53}},"58":{"start":{"line":114,"column":6},"end":{"line":114,"column":21}},"59":{"start":{"line":116,"column":6},"end":{"line":116,"column":37}},"60":{"start":{"line":4,"column":0},"end":{"line":4,"column":13}}},"fnMap":{"0":{"name":"(anonymous_7)","decl":{"start":{"line":4,"column":0},"end":{"line":4,"column":13}},"loc":{"start":{"line":4,"column":0},"end":{"line":119,"column":1}}},"1":{"name":"(anonymous_8)","decl":{"start":{"line":5,"column":25},"end":{"line":5,"column":null}},"loc":{"start":{"line":10,"column":6},"end":{"line":22,"column":4}}},"2":{"name":"(anonymous_9)","decl":{"start":{"line":10,"column":6},"end":{"line":10,"column":null}},"loc":{"start":{"line":10,"column":6},"end":{"line":22,"column":3}}},"3":{"name":"(anonymous_10)","decl":{"start":{"line":24,"column":31},"end":{"line":24,"column":null}},"loc":{"start":{"line":27,"column":6},"end":{"line":34,"column":4}}},"4":{"name":"(anonymous_11)","decl":{"start":{"line":27,"column":6},"end":{"line":27,"column":null}},"loc":{"start":{"line":27,"column":6},"end":{"line":34,"column":3}}},"5":{"name":"(anonymous_12)","decl":{"start":{"line":36,"column":28},"end":{"line":36,"column":35}},"loc":{"start":{"line":36,"column":64},"end":{"line":43,"column":4}}},"6":{"name":"(anonymous_13)","decl":{"start":{"line":36,"column":64},"end":{"line":36,"column":null}},"loc":{"start":{"line":36,"column":64},"end":{"line":43,"column":3}}},"7":{"name":"(anonymous_14)","decl":{"start":{"line":45,"column":27},"end":{"line":45,"column":34}},"loc":{"start":{"line":45,"column":62},"end":{"line":52,"column":4}}},"8":{"name":"(anonymous_15)","decl":{"start":{"line":45,"column":62},"end":{"line":45,"column":null}},"loc":{"start":{"line":45,"column":62},"end":{"line":52,"column":3}}},"9":{"name":"(anonymous_16)","decl":{"start":{"line":54,"column":31},"end":{"line":54,"column":38}},"loc":{"start":{"line":54,"column":70},"end":{"line":61,"column":4}}},"10":{"name":"(anonymous_17)","decl":{"start":{"line":54,"column":70},"end":{"line":54,"column":null}},"loc":{"start":{"line":54,"column":70},"end":{"line":61,"column":3}}},"11":{"name":"(anonymous_18)","decl":{"start":{"line":63,"column":26},"end":{"line":63,"column":33}},"loc":{"start":{"line":63,"column":64},"end":{"line":75,"column":4}}},"12":{"name":"(anonymous_19)","decl":{"start":{"line":63,"column":64},"end":{"line":63,"column":null}},"loc":{"start":{"line":63,"column":64},"end":{"line":75,"column":3}}},"13":{"name":"(anonymous_20)","decl":{"start":{"line":77,"column":32},"end":{"line":77,"column":39}},"loc":{"start":{"line":77,"column":70},"end":{"line":88,"column":4}}},"14":{"name":"(anonymous_21)","decl":{"start":{"line":77,"column":70},"end":{"line":77,"column":null}},"loc":{"start":{"line":77,"column":70},"end":{"line":88,"column":3}}},"15":{"name":"(anonymous_22)","decl":{"start":{"line":90,"column":28},"end":{"line":90,"column":null}},"loc":{"start":{"line":94,"column":6},"end":{"line":108,"column":4}}},"16":{"name":"(anonymous_23)","decl":{"start":{"line":94,"column":6},"end":{"line":94,"column":null}},"loc":{"start":{"line":94,"column":6},"end":{"line":108,"column":3}}},"17":{"name":"(anonymous_24)","decl":{"start":{"line":110,"column":26},"end":{"line":110,"column":33}},"loc":{"start":{"line":110,"column":47},"end":{"line":118,"column":4}}},"18":{"name":"(anonymous_25)","decl":{"start":{"line":110,"column":47},"end":{"line":110,"column":null}},"loc":{"start":{"line":110,"column":47},"end":{"line":118,"column":3}}}},"branchMap":{},"s":{"0":4,"1":4,"2":7,"3":1,"4":1,"5":1,"6":0,"7":1,"8":7,"9":0,"10":0,"11":0,"12":0,"13":0,"14":7,"15":0,"16":0,"17":0,"18":0,"19":0,"20":7,"21":0,"22":0,"23":0,"24":0,"25":0,"26":7,"27":0,"28":0,"29":0,"30":0,"31":0,"32":7,"33":0,"34":0,"35":0,"36":0,"37":0,"38":0,"39":7,"40":0,"41":0,"42":0,"43":0,"44":0,"45":0,"46":7,"47":0,"48":0,"49":0,"50":0,"51":0,"52":0,"53":7,"54":0,"55":0,"56":0,"57":0,"58":0,"59":0,"60":4},"f":{"0":7,"1":1,"2":1,"3":0,"4":0,"5":0,"6":0,"7":0,"8":0,"9":0,"10":0,"11":0,"12":0,"13":0,"14":0,"15":0,"16":0,"17":0,"18":0},"b":{}}
,"D:\\Projetos\\backend-south-system-code-challenge\\src\\data\\UserDatabase.ts": {"path":"D:\\Projetos\\backend-south-system-code-challenge\\src\\data\\UserDatabase.ts","statementMap":{"0":{"start":{"line":1,"column":0},"end":{"line":1,"column":46}},"1":{"start":{"line":2,"column":0},"end":{"line":2,"column":52}},"2":{"start":{"line":5,"column":9},"end":{"line":20,"column":4}},"3":{"start":{"line":9,"column":6},"end":{"line":20,"column":4}},"4":{"start":{"line":10,"column":4},"end":{"line":19,"column":null}},"5":{"start":{"line":11,"column":6},"end":{"line":11,"column":33}},"6":{"start":{"line":12,"column":6},"end":{"line":16,"column":16}},"7":{"start":{"line":18,"column":6},"end":{"line":18,"column":37}},"8":{"start":{"line":23,"column":4},"end":{"line":23,"column":31}},"9":{"start":{"line":24,"column":19},"end":{"line":24,"column":63}},"10":{"start":{"line":25,"column":4},"end":{"line":25,"column":18}},"11":{"start":{"line":4,"column":0},"end":{"line":4,"column":13}}},"fnMap":{"0":{"name":"(anonymous_7)","decl":{"start":{"line":4,"column":0},"end":{"line":4,"column":13}},"loc":{"start":{"line":4,"column":0},"end":{"line":27,"column":1}}},"1":{"name":"(anonymous_8)","decl":{"start":{"line":5,"column":22},"end":{"line":5,"column":null}},"loc":{"start":{"line":9,"column":6},"end":{"line":20,"column":4}}},"2":{"name":"(anonymous_9)","decl":{"start":{"line":9,"column":6},"end":{"line":9,"column":null}},"loc":{"start":{"line":9,"column":6},"end":{"line":20,"column":3}}},"3":{"name":"(anonymous_10)","decl":{"start":{"line":22,"column":15},"end":{"line":22,"column":32}},"loc":{"start":{"line":22,"column":49},"end":{"line":26,"column":null}}}},"branchMap":{},"s":{"0":2,"1":2,"2":0,"3":0,"4":0,"5":0,"6":0,"7":0,"8":0,"9":0,"10":0,"11":2},"f":{"0":0,"1":0,"2":0,"3":0},"b":{}}
,"D:\\Projetos\\backend-south-system-code-challenge\\src\\errors\\BaseError.ts": {"path":"D:\\Projetos\\backend-south-system-code-challenge\\src\\errors\\BaseError.ts","statementMap":{"0":{"start":{"line":3,"column":4},"end":{"line":3,"column":19}},"1":{"start":{"line":2,"column":38},"end":{"line":2,"column":55}},"2":{"start":{"line":1,"column":0},"end":{"line":1,"column":22}}},"fnMap":{"0":{"name":"(anonymous_0)","decl":{"start":{"line":2,"column":2},"end":{"line":2,"column":14}},"loc":{"start":{"line":2,"column":55},"end":{"line":4,"column":3}}}},"branchMap":{},"s":{"0":7,"1":7,"2":4},"f":{"0":7},"b":{}}
,"D:\\Projetos\\backend-south-system-code-challenge\\src\\errors\\InvalidParameterError.ts": {"path":"D:\\Projetos\\backend-south-system-code-challenge\\src\\errors\\InvalidParameterError.ts","statementMap":{"0":{"start":{"line":1,"column":0},"end":{"line":1,"column":40}},"1":{"start":{"line":5,"column":4},"end":{"line":5,"column":24}},"2":{"start":{"line":3,"column":0},"end":{"line":3,"column":13}}},"fnMap":{"0":{"name":"(anonymous_0)","decl":{"start":{"line":4,"column":2},"end":{"line":4,"column":14}},"loc":{"start":{"line":4,"column":29},"end":{"line":6,"column":3}}}},"branchMap":{},"s":{"0":4,"1":7,"2":4},"f":{"0":7},"b":{}}
,"D:\\Projetos\\backend-south-system-code-challenge\\src\\model\\Product.ts": {"path":"D:\\Projetos\\backend-south-system-code-challenge\\src\\model\\Product.ts","statementMap":{"0":{"start":{"line":1,"column":0},"end":{"line":1,"column":54}},"1":{"start":{"line":3,"column":0},"end":{"line":3,"column":null}},"2":{"start":{"line":4,"column":2},"end":{"line":4,"column":null}},"3":{"start":{"line":5,"column":2},"end":{"line":5,"column":null}},"4":{"start":{"line":6,"column":2},"end":{"line":6,"column":null}},"5":{"start":{"line":9,"column":13},"end":{"line":33,"column":3}},"6":{"start":{"line":36,"column":2},"end":{"line":36,"column":35}},"7":{"start":{"line":40,"column":2},"end":{"line":40,"column":22}},"8":{"start":{"line":43,"column":13},"end":{"line":54,"column":2}},"9":{"start":{"line":44,"column":2},"end":{"line":53,"column":null}},"10":{"start":{"line":46,"column":6},"end":{"line":46,"column":40}},"11":{"start":{"line":48,"column":6},"end":{"line":48,"column":37}},"12":{"start":{"line":50,"column":6},"end":{"line":50,"column":33}},"13":{"start":{"line":52,"column":6},"end":{"line":52,"column":42}},"14":{"start":{"line":63,"column":13},"end":{"line":63,"column":70}}},"fnMap":{"0":{"name":"(anonymous_6)","decl":{"start":{"line":3,"column":0},"end":{"line":3,"column":12}},"loc":{"start":{"line":3,"column":27},"end":{"line":7,"column":1}}},"1":{"name":"getPrice","decl":{"start":{"line":35,"column":9},"end":{"line":35,"column":17}},"loc":{"start":{"line":35,"column":32},"end":{"line":37,"column":1}}},"2":{"name":"setPrice","decl":{"start":{"line":39,"column":9},"end":{"line":39,"column":17}},"loc":{"start":{"line":39,"column":32},"end":{"line":41,"column":1}}},"3":{"name":"(anonymous_9)","decl":{"start":{"line":43,"column":32},"end":{"line":43,"column":33}},"loc":{"start":{"line":43,"column":50},"end":{"line":54,"column":1}}}},"branchMap":{"0":{"loc":{"start":{"line":3,"column":12},"end":{"line":3,"column":27}},"type":"binary-expr","locations":[{"start":{"line":3,"column":12},"end":{"line":3,"column":27}},{"start":{"line":3,"column":12},"end":{"line":3,"column":null}}]},"1":{"loc":{"start":{"line":45,"column":4},"end":{"line":46,"column":40}},"type":"switch","locations":[{"start":{"line":45,"column":4},"end":{"line":46,"column":40}},{"start":{"line":47,"column":4},"end":{"line":48,"column":37}},{"start":{"line":49,"column":4},"end":{"line":50,"column":33}},{"start":{"line":51,"column":4},"end":{"line":52,"column":42}}]}},"s":{"0":4,"1":4,"2":4,"3":4,"4":4,"5":4,"6":0,"7":0,"8":4,"9":0,"10":0,"11":0,"12":0,"13":0,"14":4},"f":{"0":4,"1":0,"2":0,"3":0},"b":{"0":[4,4],"1":[0,0,0,0]}}
,"D:\\Projetos\\backend-south-system-code-challenge\\src\\model\\User.ts": {"path":"D:\\Projetos\\backend-south-system-code-challenge\\src\\model\\User.ts","statementMap":{"0":{"start":{"line":1,"column":0},"end":{"line":1,"column":54}},"1":{"start":{"line":2,"column":0},"end":{"line":2,"column":54}},"2":{"start":{"line":4,"column":0},"end":{"line":4,"column":null}},"3":{"start":{"line":5,"column":2},"end":{"line":5,"column":null}},"4":{"start":{"line":6,"column":2},"end":{"line":6,"column":null}},"5":{"start":{"line":9,"column":13},"end":{"line":25,"column":3}},"6":{"start":{"line":38,"column":13},"end":{"line":47,"column":2}},"7":{"start":{"line":39,"column":2},"end":{"line":46,"column":null}},"8":{"start":{"line":41,"column":6},"end":{"line":41,"column":29}},"9":{"start":{"line":43,"column":6},"end":{"line":43,"column":30}},"10":{"start":{"line":45,"column":6},"end":{"line":45,"column":38}},"11":{"start":{"line":53,"column":0},"end":{"line":58,"column":3}},"12":{"start":{"line":54,"column":22},"end":{"line":54,"column":39}},"13":{"start":{"line":55,"column":23},"end":{"line":55,"column":60}},"14":{"start":{"line":56,"column":2},"end":{"line":56,"column":31}},"15":{"start":{"line":57,"column":2},"end":{"line":57,"column":9}},"16":{"start":{"line":60,"column":13},"end":{"line":60,"column":61}}},"fnMap":{"0":{"name":"(anonymous_13)","decl":{"start":{"line":4,"column":0},"end":{"line":4,"column":12}},"loc":{"start":{"line":4,"column":20},"end":{"line":7,"column":1}}},"1":{"name":"(anonymous_14)","decl":{"start":{"line":38,"column":28},"end":{"line":38,"column":29}},"loc":{"start":{"line":38,"column":46},"end":{"line":47,"column":1}}},"2":{"name":"(anonymous_15)","decl":{"start":{"line":53,"column":48},"end":{"line":53,"column":64}},"loc":{"start":{"line":53,"column":68},"end":{"line":58,"column":2}}}},"branchMap":{"0":{"loc":{"start":{"line":4,"column":12},"end":{"line":4,"column":20}},"type":"binary-expr","locations":[{"start":{"line":4,"column":12},"end":{"line":4,"column":20}},{"start":{"line":4,"column":12},"end":{"line":4,"column":null}}]},"1":{"loc":{"start":{"line":40,"column":4},"end":{"line":41,"column":29}},"type":"switch","locations":[{"start":{"line":40,"column":4},"end":{"line":41,"column":29}},{"start":{"line":42,"column":4},"end":{"line":43,"column":30}},{"start":{"line":44,"column":4},"end":{"line":45,"column":38}}]}},"s":{"0":2,"1":2,"2":2,"3":2,"4":2,"5":2,"6":2,"7":3,"8":3,"9":0,"10":0,"11":2,"12":0,"13":0,"14":0,"15":0,"16":2},"f":{"0":2,"1":3,"2":0},"b":{"0":[2,2],"1":[3,0,0]}}
,"D:\\Projetos\\backend-south-system-code-challenge\\src\\routes\\productRouter.ts": {"path":"D:\\Projetos\\backend-south-system-code-challenge\\src\\routes\\productRouter.ts","statementMap":{"0":{"start":{"line":1,"column":0},"end":{"line":1,"column":30}},"1":{"start":{"line":2,"column":0},"end":{"line":2,"column":68}},"2":{"start":{"line":4,"column":13},"end":{"line":4,"column":46}},"3":{"start":{"line":6,"column":26},"end":{"line":6,"column":49}},"4":{"start":{"line":8,"column":0},"end":{"line":8,"column":63}},"5":{"start":{"line":9,"column":0},"end":{"line":9,"column":69}},"6":{"start":{"line":10,"column":0},"end":{"line":10,"column":64}},"7":{"start":{"line":11,"column":0},"end":{"line":11,"column":60}},"8":{"start":{"line":12,"column":0},"end":{"line":12,"column":72}},"9":{"start":{"line":13,"column":0},"end":{"line":13,"column":65}},"10":{"start":{"line":14,"column":0},"end":{"line":14,"column":67}}},"fnMap":{},"branchMap":{},"s":{"0":2,"1":2,"2":2,"3":2,"4":2,"5":2,"6":2,"7":2,"8":2,"9":2,"10":2},"f":{},"b":{}}
,"D:\\Projetos\\backend-south-system-code-challenge\\src\\routes\\userRouter.ts": {"path":"D:\\Projetos\\backend-south-system-code-challenge\\src\\routes\\userRouter.ts","statementMap":{"0":{"start":{"line":1,"column":0},"end":{"line":1,"column":30}},"1":{"start":{"line":2,"column":0},"end":{"line":2,"column":62}},"2":{"start":{"line":4,"column":13},"end":{"line":4,"column":43}},"3":{"start":{"line":6,"column":23},"end":{"line":6,"column":43}},"4":{"start":{"line":8,"column":0},"end":{"line":8,"column":50}},"5":{"start":{"line":9,"column":0},"end":{"line":9,"column":48}}},"fnMap":{},"branchMap":{},"s":{"0":2,"1":2,"2":2,"3":2,"4":2,"5":2},"f":{},"b":{}}
,"D:\\Projetos\\backend-south-system-code-challenge\\src\\services\\Authenticator.ts": {"path":"D:\\Projetos\\backend-south-system-code-challenge\\src\\services\\Authenticator.ts","statementMap":{"0":{"start":{"line":1,"column":0},"end":{"line":1,"column":36}},"1":{"start":{"line":2,"column":0},"end":{"line":2,"column":55}},"2":{"start":{"line":9,"column":18},"end":{"line":16,"column":null}},"3":{"start":{"line":18,"column":4},"end":{"line":18,"column":17}},"4":{"start":{"line":22,"column":20},"end":{"line":22,"column":75}},"5":{"start":{"line":23,"column":19},"end":{"line":23,"column":45}},"6":{"start":{"line":24,"column":4},"end":{"line":24,"column":18}},"7":{"start":{"line":4,"column":0},"end":{"line":4,"column":13}}},"fnMap":{"0":{"name":"(anonymous_6)","decl":{"start":{"line":5,"column":9},"end":{"line":5,"column":22}},"loc":{"start":{"line":7,"column":60},"end":{"line":19,"column":3}}},"1":{"name":"(anonymous_7)","decl":{"start":{"line":21,"column":9},"end":{"line":21,"column":16}},"loc":{"start":{"line":21,"column":30},"end":{"line":25,"column":3}}}},"branchMap":{"0":{"loc":{"start":{"line":7,"column":24},"end":{"line":7,"column":60}},"type":"default-arg","locations":[{"start":{"line":7,"column":24},"end":{"line":7,"column":60}}]}},"s":{"0":2,"1":2,"2":3,"3":3,"4":7,"5":3,"6":3,"7":2},"f":{"0":3,"1":7},"b":{"0":[3]}}
,"D:\\Projetos\\backend-south-system-code-challenge\\src\\services\\HashManager.ts": {"path":"D:\\Projetos\\backend-south-system-code-challenge\\src\\services\\HashManager.ts","statementMap":{"0":{"start":{"line":1,"column":0},"end":{"line":1,"column":35}},"1":{"start":{"line":5,"column":19},"end":{"line":5,"column":21}},"2":{"start":{"line":6,"column":17},"end":{"line":6,"column":45}},"3":{"start":{"line":7,"column":19},"end":{"line":7,"column":48}},"4":{"start":{"line":8,"column":4},"end":{"line":8,"column":18}},"5":{"start":{"line":12,"column":4},"end":{"line":12,"column":44}},"6":{"start":{"line":3,"column":0},"end":{"line":3,"column":13}}},"fnMap":{"0":{"name":"(anonymous_13)","decl":{"start":{"line":4,"column":15},"end":{"line":4,"column":19}},"loc":{"start":{"line":4,"column":32},"end":{"line":9,"column":null}}},"1":{"name":"(anonymous_15)","decl":{"start":{"line":11,"column":15},"end":{"line":11,"column":22}},"loc":{"start":{"line":11,"column":49},"end":{"line":13,"column":null}}}},"branchMap":{},"s":{"0":2,"1":0,"2":0,"3":0,"4":0,"5":0,"6":2},"f":{"0":0,"1":0},"b":{}}
,"D:\\Projetos\\backend-south-system-code-challenge\\src\\services\\ObjectIdValidator.ts": {"path":"D:\\Projetos\\backend-south-system-code-challenge\\src\\services\\ObjectIdValidator.ts","statementMap":{"0":{"start":{"line":1,"column":0},"end":{"line":1,"column":32}},"1":{"start":{"line":3,"column":13},"end":{"line":6,"column":2}},"2":{"start":{"line":4,"column":17},"end":{"line":4,"column":52}},"3":{"start":{"line":5,"column":2},"end":{"line":5,"column":16}}},"fnMap":{"0":{"name":"(anonymous_1)","decl":{"start":{"line":3,"column":26},"end":{"line":3,"column":27}},"loc":{"start":{"line":3,"column":50},"end":{"line":6,"column":1}}}},"branchMap":{},"s":{"0":2,"1":2,"2":0,"3":0},"f":{"0":0},"b":{}}
}
