TN:
SF:src\index.ts
FN:17,(anonymous_1)
FNF:1
FNH:1
FNDA:2,(anonymous_1)
DA:1,2
DA:3,2
DA:4,2
DA:5,2
DA:6,2
DA:8,2
DA:9,2
DA:10,2
DA:12,2
DA:14,2
DA:15,2
DA:17,2
DA:18,2
DA:19,2
DA:20,2
DA:22,0
LF:16
LH:15
BRDA:17,0,0,2
BRDA:17,0,1,0
BRDA:18,1,0,2
BRDA:18,1,1,0
BRF:4
BRH:2
end_of_record
TN:
SF:src\business\ProductBusiness.ts
FN:10,(anonymous_7)
FN:61,(anonymous_9)
FN:75,(anonymous_11)
FN:80,(anonymous_13)
FN:91,(anonymous_15)
FN:102,(anonymous_17)
FN:108,(anonymous_19)
FN:114,(anonymous_21)
FN:123,(anonymous_23)
FNF:9
FNH:4
FNDA:5,(anonymous_7)
FNDA:1,(anonymous_9)
FNDA:0,(anonymous_11)
FNDA:1,(anonymous_13)
FNDA:1,(anonymous_15)
FNDA:0,(anonymous_17)
FNDA:0,(anonymous_19)
FNDA:0,(anonymous_21)
FNDA:0,(anonymous_23)
DA:2,4
DA:3,4
DA:8,4
DA:9,4
DA:11,5
DA:13,5
DA:14,2
DA:19,3
DA:20,1
DA:25,2
DA:26,1
DA:29,1
DA:30,0
DA:33,1
DA:34,0
DA:37,1
DA:38,0
DA:43,1
DA:48,0
DA:53,1
DA:62,1
DA:67,1
DA:71,0
DA:72,0
DA:76,0
DA:77,0
DA:81,1
DA:82,1
DA:83,1
DA:85,0
DA:86,0
DA:88,0
DA:92,1
DA:93,1
DA:94,0
DA:96,1
DA:97,1
DA:99,0
DA:103,0
DA:104,0
DA:105,0
DA:109,0
DA:110,0
DA:111,0
DA:115,0
DA:116,0
DA:118,0
DA:119,0
DA:120,0
DA:124,0
DA:125,0
DA:127,0
DA:128,0
DA:129,0
LF:54
LH:25
BRDA:13,0,0,2
BRDA:13,0,1,3
BRDA:13,1,0,5
BRDA:13,1,1,4
BRDA:13,1,2,4
BRDA:19,2,0,1
BRDA:19,2,1,2
BRDA:25,3,0,1
BRDA:25,3,1,1
BRDA:29,4,0,0
BRDA:29,4,1,1
BRDA:33,5,0,0
BRDA:33,5,1,1
BRDA:37,6,0,0
BRDA:37,6,1,1
BRDA:43,7,0,0
BRDA:43,7,1,1
BRDA:44,8,0,1
BRDA:44,8,1,0
BRDA:44,8,2,0
BRDA:62,9,0,1
BRDA:62,9,1,0
BRDA:63,10,0,1
BRDA:63,10,1,1
BRDA:63,10,2,1
BRDA:82,11,0,1
BRDA:82,11,1,0
BRDA:85,12,0,0
BRDA:85,12,1,0
BRDA:93,13,0,0
BRDA:93,13,1,1
BRDA:96,14,0,1
BRDA:96,14,1,0
BRDA:115,15,0,0
BRDA:115,15,1,0
BRDA:124,16,0,0
BRDA:124,16,1,0
BRF:37
BRH:21
end_of_record
TN:
SF:src\business\UserBusiness.ts
FN:13,(anonymous_7)
FN:32,(anonymous_9)
FNF:2
FNH:0
FNDA:0,(anonymous_7)
FNDA:0,(anonymous_9)
DA:1,2
DA:8,2
DA:9,2
DA:10,2
DA:12,2
DA:14,0
DA:15,0
DA:16,0
DA:19,0
DA:20,0
DA:23,0
DA:29,0
DA:33,0
DA:34,0
DA:36,0
DA:37,0
DA:42,0
DA:43,0
DA:45,0
DA:46,0
DA:49,0
LF:21
LH:5
BRDA:15,0,0,0
BRDA:15,0,1,0
BRDA:15,1,0,0
BRDA:15,1,1,0
BRDA:15,1,2,0
BRDA:19,2,0,0
BRDA:19,2,1,0
BRDA:19,3,0,0
BRDA:19,3,1,0
BRDA:45,4,0,0
BRDA:45,4,1,0
BRF:11
BRH:0
end_of_record
TN:
SF:src\controller\ProductController.ts
FN:14,(anonymous_7)
FN:55,(anonymous_9)
FN:97,(anonymous_11)
FN:169,(anonymous_13)
FN:197,(anonymous_15)
FN:228,(anonymous_17)
FN:263,(anonymous_19)
FNF:7
FNH:2
FNDA:5,(anonymous_7)
FNDA:3,(anonymous_9)
FNDA:0,(anonymous_11)
FNDA:0,(anonymous_13)
FNDA:0,(anonymous_15)
FNDA:0,(anonymous_17)
FNDA:0,(anonymous_19)
DA:2,2
DA:7,2
DA:8,2
DA:9,2
DA:10,2
DA:11,2
DA:13,2
DA:15,5
DA:16,5
DA:23,5
DA:24,5
DA:26,5
DA:27,1
DA:30,4
DA:32,2
DA:33,2
DA:39,0
DA:40,0
DA:42,0
DA:43,0
DA:44,0
DA:46,0
DA:47,0
DA:49,0
DA:51,2
DA:56,3
DA:57,3
DA:58,3
DA:60,3
DA:61,0
DA:64,3
DA:66,1
DA:67,1
DA:73,0
DA:75,0
DA:76,0
DA:78,0
DA:80,0
DA:81,0
DA:84,0
DA:85,0
DA:86,0
DA:89,0
DA:91,0
DA:93,2
DA:98,0
DA:99,0
DA:100,0
DA:102,0
DA:103,0
DA:105,0
DA:106,0
DA:109,0
DA:111,0
DA:112,0
DA:118,0
DA:120,0
DA:122,0
DA:123,0
DA:126,0
DA:127,0
DA:128,0
DA:131,0
DA:132,0
DA:133,0
DA:139,0
DA:140,0
DA:141,0
DA:147,0
DA:148,0
DA:149,0
DA:155,0
DA:156,0
DA:157,0
DA:163,0
DA:165,0
DA:170,0
DA:171,0
DA:172,0
DA:173,0
DA:174,0
DA:176,0
DA:177,0
DA:180,0
DA:182,0
DA:183,0
DA:189,0
DA:190,0
DA:191,0
DA:193,0
DA:198,0
DA:199,0
DA:200,0
DA:201,0
DA:202,0
DA:204,0
DA:205,0
DA:208,0
DA:210,0
DA:211,0
DA:217,0
DA:218,0
DA:222,0
DA:224,0
DA:229,0
DA:230,0
DA:231,0
DA:232,0
DA:233,0
DA:235,0
DA:237,0
DA:238,0
DA:241,0
DA:243,0
DA:244,0
DA:251,0
DA:252,0
DA:257,0
DA:259,0
DA:264,0
DA:265,0
DA:266,0
DA:268,0
DA:269,0
DA:271,0
DA:273,0
DA:274,0
DA:277,0
DA:279,0
DA:280,0
DA:285,0
DA:287,0
DA:288,0
DA:291,0
DA:292,0
DA:293,0
DA:296,0
DA:297,0
DA:298,0
LF:139
LH:25
BRDA:26,0,0,1
BRDA:26,0,1,4
BRDA:32,1,0,2
BRDA:32,1,1,0
BRDA:43,2,0,0
BRDA:43,2,1,0
BRDA:60,3,0,0
BRDA:60,3,1,3
BRDA:66,4,0,1
BRDA:66,4,1,0
BRDA:80,5,0,0
BRDA:80,5,1,0
BRDA:85,6,0,0
BRDA:85,6,1,0
BRDA:105,7,0,0
BRDA:105,7,1,0
BRDA:111,8,0,0
BRDA:111,8,1,0
BRDA:122,9,0,0
BRDA:122,9,1,0
BRDA:127,10,0,0
BRDA:127,10,1,0
BRDA:131,11,0,0
BRDA:131,11,1,0
BRDA:139,12,0,0
BRDA:139,12,1,0
BRDA:147,13,0,0
BRDA:147,13,1,0
BRDA:155,14,0,0
BRDA:155,14,1,0
BRDA:176,15,0,0
BRDA:176,15,1,0
BRDA:182,16,0,0
BRDA:182,16,1,0
BRDA:204,17,0,0
BRDA:204,17,1,0
BRDA:210,18,0,0
BRDA:210,18,1,0
BRDA:237,19,0,0
BRDA:237,19,1,0
BRDA:243,20,0,0
BRDA:243,20,1,0
BRDA:273,21,0,0
BRDA:273,21,1,0
BRDA:279,22,0,0
BRDA:279,22,1,0
BRDA:287,23,0,0
BRDA:287,23,1,0
BRDA:292,24,0,0
BRDA:292,24,1,0
BRF:50
BRH:5
end_of_record
TN:
SF:src\controller\UserController.ts
FN:13,(anonymous_7)
FN:43,(anonymous_9)
FNF:2
FNH:0
FNDA:0,(anonymous_7)
FNDA:0,(anonymous_9)
DA:2,2
DA:8,2
DA:9,2
DA:10,2
DA:12,2
DA:14,0
DA:15,0
DA:21,0
DA:22,0
DA:24,0
DA:28,0
DA:29,0
DA:32,0
DA:33,0
DA:35,0
DA:36,0
DA:37,0
DA:39,0
DA:44,0
DA:45,0
DA:50,0
DA:51,0
DA:53,0
DA:57,0
DA:58,0
DA:61,0
DA:62,0
DA:64,0
DA:66,0
LF:29
LH:5
BRDA:28,0,0,0
BRDA:28,0,1,0
BRDA:57,1,0,0
BRDA:57,1,1,0
BRF:4
BRH:0
end_of_record
TN:
SF:src\data\BaseDatabase.ts
FN:3,(anonymous_8)
FN:4,(anonymous_9)
FN:4,(anonymous_10)
FN:11,(anonymous_11)
FN:15,(anonymous_12)
FNF:5
FNH:3
FNDA:7,(anonymous_8)
FNDA:1,(anonymous_9)
FNDA:1,(anonymous_10)
FNDA:0,(anonymous_11)
FNDA:0,(anonymous_12)
DA:1,4
DA:3,4
DA:4,7
DA:5,1
DA:9,0
DA:11,0
DA:12,0
DA:15,0
DA:16,0
DA:19,0
LF:10
LH:4
BRF:0
BRH:0
end_of_record
TN:
SF:src\data\ProductDatabase.ts
FN:4,(anonymous_7)
FN:5,(anonymous_8)
FN:10,(anonymous_9)
FN:24,(anonymous_10)
FN:27,(anonymous_11)
FN:36,(anonymous_12)
FN:36,(anonymous_13)
FN:45,(anonymous_14)
FN:45,(anonymous_15)
FN:54,(anonymous_16)
FN:54,(anonymous_17)
FN:63,(anonymous_18)
FN:63,(anonymous_19)
FN:77,(anonymous_20)
FN:77,(anonymous_21)
FN:90,(anonymous_22)
FN:94,(anonymous_23)
FN:110,(anonymous_24)
FN:110,(anonymous_25)
FNF:19
FNH:3
FNDA:7,(anonymous_7)
FNDA:1,(anonymous_8)
FNDA:1,(anonymous_9)
FNDA:0,(anonymous_10)
FNDA:0,(anonymous_11)
FNDA:0,(anonymous_12)
FNDA:0,(anonymous_13)
FNDA:0,(anonymous_14)
FNDA:0,(anonymous_15)
FNDA:0,(anonymous_16)
FNDA:0,(anonymous_17)
FNDA:0,(anonymous_18)
FNDA:0,(anonymous_19)
FNDA:0,(anonymous_20)
FNDA:0,(anonymous_21)
FNDA:0,(anonymous_22)
FNDA:0,(anonymous_23)
FNDA:0,(anonymous_24)
FNDA:0,(anonymous_25)
DA:1,4
DA:2,4
DA:4,4
DA:5,7
DA:10,1
DA:11,1
DA:12,1
DA:13,0
DA:20,1
DA:24,7
DA:27,0
DA:28,0
DA:29,0
DA:30,0
DA:32,0
DA:36,7
DA:37,0
DA:38,0
DA:39,0
DA:41,0
DA:45,7
DA:46,0
DA:47,0
DA:48,0
DA:50,0
DA:54,7
DA:55,0
DA:56,0
DA:57,0
DA:59,0
DA:63,7
DA:64,0
DA:65,0
DA:67,0
DA:71,0
DA:73,0
DA:77,7
DA:78,0
DA:79,0
DA:80,0
DA:84,0
DA:86,0
DA:90,7
DA:94,0
DA:95,0
DA:96,0
DA:97,0
DA:104,0
DA:106,0
DA:110,7
DA:111,0
DA:112,0
DA:113,0
DA:114,0
DA:116,0
LF:55
LH:16
BRF:0
BRH:0
end_of_record
TN:
SF:src\data\UserDatabase.ts
FN:4,(anonymous_7)
FN:5,(anonymous_8)
FN:9,(anonymous_9)
FN:22,(anonymous_10)
FNF:4
FNH:0
FNDA:0,(anonymous_7)
FNDA:0,(anonymous_8)
FNDA:0,(anonymous_9)
FNDA:0,(anonymous_10)
DA:1,2
DA:2,2
DA:4,2
DA:5,0
DA:9,0
DA:10,0
DA:11,0
DA:12,0
DA:18,0
DA:23,0
DA:24,0
DA:25,0
LF:12
LH:3
BRF:0
BRH:0
end_of_record
TN:
SF:src\errors\BaseError.ts
FN:2,(anonymous_0)
FNF:1
FNH:1
FNDA:7,(anonymous_0)
DA:1,4
DA:2,7
DA:3,7
LF:3
LH:3
BRF:0
BRH:0
end_of_record
TN:
SF:src\errors\InvalidParameterError.ts
FN:4,(anonymous_0)
FNF:1
FNH:1
FNDA:7,(anonymous_0)
DA:1,4
DA:3,4
DA:5,7
LF:3
LH:3
BRF:0
BRH:0
end_of_record
TN:
SF:src\model\Product.ts
FN:3,(anonymous_6)
FN:35,getPrice
FN:39,setPrice
FN:43,(anonymous_9)
FNF:4
FNH:1
FNDA:4,(anonymous_6)
FNDA:0,getPrice
FNDA:0,setPrice
FNDA:0,(anonymous_9)
DA:1,4
DA:3,4
DA:4,4
DA:5,4
DA:6,4
DA:9,4
DA:36,0
DA:40,0
DA:43,4
DA:44,0
DA:46,0
DA:48,0
DA:50,0
DA:52,0
DA:63,4
LF:15
LH:8
BRDA:3,0,0,4
BRDA:3,0,1,4
BRDA:45,1,0,0
BRDA:45,1,1,0
BRDA:45,1,2,0
BRDA:45,1,3,0
BRF:6
BRH:2
end_of_record
TN:
SF:src\model\User.ts
FN:4,(anonymous_13)
FN:38,(anonymous_14)
FN:53,(anonymous_15)
FNF:3
FNH:2
FNDA:2,(anonymous_13)
FNDA:3,(anonymous_14)
FNDA:0,(anonymous_15)
DA:1,2
DA:2,2
DA:4,2
DA:5,2
DA:6,2
DA:9,2
DA:38,2
DA:39,3
DA:41,3
DA:43,0
DA:45,0
DA:53,2
DA:54,0
DA:55,0
DA:56,0
DA:57,0
DA:60,2
LF:17
LH:11
BRDA:4,0,0,2
BRDA:4,0,1,2
BRDA:40,1,0,3
BRDA:40,1,1,0
BRDA:40,1,2,0
BRF:5
BRH:3
end_of_record
TN:
SF:src\routes\productRouter.ts
FNF:0
FNH:0
DA:1,2
DA:2,2
DA:4,2
DA:6,2
DA:8,2
DA:9,2
DA:10,2
DA:11,2
DA:12,2
DA:13,2
DA:14,2
LF:11
LH:11
BRF:0
BRH:0
end_of_record
TN:
SF:src\routes\userRouter.ts
FNF:0
FNH:0
DA:1,2
DA:2,2
DA:4,2
DA:6,2
DA:8,2
DA:9,2
LF:6
LH:6
BRF:0
BRH:0
end_of_record
TN:
SF:src\services\Authenticator.ts
FN:5,(anonymous_6)
FN:21,(anonymous_7)
FNF:2
FNH:2
FNDA:3,(anonymous_6)
FNDA:7,(anonymous_7)
DA:1,2
DA:2,2
DA:4,2
DA:9,3
DA:18,3
DA:22,7
DA:23,3
DA:24,3
LF:8
LH:8
BRDA:7,0,0,3
BRF:1
BRH:1
end_of_record
TN:
SF:src\services\HashManager.ts
FN:4,(anonymous_13)
FN:11,(anonymous_15)
FNF:2
FNH:0
FNDA:0,(anonymous_13)
FNDA:0,(anonymous_15)
DA:1,2
DA:3,2
DA:5,0
DA:6,0
DA:7,0
DA:8,0
DA:12,0
LF:7
LH:2
BRF:0
BRH:0
end_of_record
TN:
SF:src\services\ObjectIdValidator.ts
FN:3,(anonymous_1)
FNF:1
FNH:0
FNDA:0,(anonymous_1)
DA:1,2
DA:3,2
DA:4,0
DA:5,0
LF:4
LH:2
BRF:0
BRH:0
end_of_record
